<?xml version="1.0" encoding="UTF-8"?>
<!-- Generated by org.testng.reporters.JUnitReportReporter -->
<testsuite hostname="VIJAY" failures="0" tests="1" name="createCatalog.Script" time="143.324" errors="0" timestamp="2024-10-06T16:57:13 IST" skipped="0">
  <testcase classname="createCatalog.Script" name="cC" time="143.324"/>
  <system-out/>
</testsuite> <!-- createCatalog.Script -->
