<?xml version="1.0" encoding="UTF-8"?>
<!-- Generated by org.testng.reporters.JUnitReportReporter -->
<testsuite hostname="VIJAY" failures="0" tests="1" name="createCatalog.Script" time="76.569" errors="0" timestamp="2024-10-08T03:28:16 IST" skipped="0">
  <testcase classname="createCatalog.Script" name="cC" time="76.569"/>
  <system-out/>
</testsuite> <!-- createCatalog.Script -->
